<?xml version="1.0" encoding="utf-8"?>
<!DOCTYPE hibernate-configuration PUBLIC
        "-//Hibernate/Hibernate Configuration DTD 3.0//EN"
        "http://hibernate.sourceforge.net/hibernate-configuration-3.0.dtd">

<hibernate-configuration>
    <session-factory>
        <mapping resource="Oauth2.hbm.xml"/>
        <!--<mapping resource="User.hbm.xml"/>-->
        <!--<mapping resource="Client.hbm.xml"/>-->
        <!--<mapping class="org.openmrs.module.oauth2.Client"/>-->
        <!--<mapping class="org.openmrs.module.oauth2.ClientDeveloper"/>-->
    </session-factory>
</hibernate-configuration>